2025-10-01 23:01:24,685 - INFO - Using device: cpu
2025-10-01 23:01:24,686 - INFO - ======================================================================
2025-10-01 23:01:24,722 - INFO - ======================================================================
2025-10-01 23:01:24,722 - INFO - Loading processed datasets...
2025-10-01 23:06:45,941 - INFO - Using device: cpu
2025-10-01 23:06:45,941 - INFO - ======================================================================
2025-10-01 23:06:45,945 - INFO - ======================================================================
2025-10-01 23:06:45,947 - INFO - Loading processed datasets...
2025-10-01 23:06:45,978 - INFO - Train data: (1495, 9), Val data: (321, 9), Test data: (321, 9)
2025-10-01 23:06:45,978 - INFO - Preparing data for N-BEATS...
2025-10-01 23:07:30,757 - INFO - Using device: cpu
2025-10-01 23:07:30,757 - INFO - ======================================================================
2025-10-01 23:07:30,761 - INFO - ======================================================================
2025-10-01 23:07:30,761 - INFO - Loading processed datasets...
2025-10-01 23:07:30,773 - INFO - Train data: (1495, 9), Val data: (321, 9), Test data: (321, 9)
2025-10-01 23:07:30,773 - INFO - Preparing data for N-BEATS...
2025-10-01 23:07:30,801 - INFO - N-BEATS sequences: X_train: (1465, 270), X_val: (291, 270)
2025-10-01 23:07:30,801 - INFO - Training N-BEATS model...
2025-10-01 23:07:34,305 - INFO - Epoch 0: Train Loss: 815733036228296.375000, Val Loss: 111314767462.399994
2025-10-01 23:07:52,996 - INFO - Epoch 10: Train Loss: 815300908682841.000000, Val Loss: 107750525747.199997
2025-10-01 23:08:10,787 - INFO - Epoch 20: Train Loss: 815083146087824.750000, Val Loss: 152384025395.200012
2025-10-01 23:08:25,812 - INFO - Early stopping at epoch 28
2025-10-01 23:08:25,885 - INFO - N-BEATS - Val MAE: 158409.02, Val RMSE: 195120.67, Val MAPE: 127.11%
2025-10-01 23:08:25,886 - INFO - Saving transformer models results...
2025-10-01 23:08:25,894 - INFO - Results saved to models\transformer
2025-10-01 23:08:25,894 - INFO - ======================================================================
2025-10-01 23:08:25,897 - INFO - ======================================================================
2025-10-01 23:08:25,897 - INFO - NBEATS:
2025-10-01 23:08:25,897 - INFO -   Validation MAE: 158409.02
2025-10-01 23:08:25,897 - INFO -   Validation RMSE: 195120.67
2025-10-01 23:08:25,898 - INFO -   Validation MAPE: 127.11%
2025-10-01 23:08:25,898 - INFO -   Epochs Trained: 29
2025-10-01 23:08:25,899 - INFO -   Convergence: Good
2025-10-01 23:08:25,899 - INFO - --------------------------------------------------
2025-10-01 23:08:25,902 - INFO - ======================================================================
2025-10-01 23:08:25,905 - INFO - ======================================================================
2025-10-01 23:08:25,915 - INFO - Best Model Performance Comparison:
2025-10-01 23:08:25,915 - INFO - Baseline (ARIMA): MAE 682726.14, MAPE 521.26%
2025-10-01 23:08:25,916 - INFO - ML (XGBoost): MAE 27137.51, MAPE 14.53%
2025-10-01 23:08:25,916 - INFO - DL (Bi-LSTM): MAE 0.00, MAPE 391629692336971.12%
2025-10-01 23:08:25,917 - INFO - Transformer (NBEATS): MAE 158409.02, MAPE 127.11%
2025-10-01 23:08:25,917 - INFO - 
Improvements:
2025-10-01 23:08:25,917 - INFO - Transformer vs Baseline: 76.8% better
